Running in Lattice mode


Starting:    /usr/local/diamond/2.2/synpbase/linux/mbin/synbatch
Install:     /usr/local/diamond/2.2/synpbase
Date:        Tue Dec  3 19:50:20 2013
Version:     G-2012.09L-SP1 

Arguments:   -product synplify_pro  -batch Alabama_Alabama_synplify.tcl
ProductType: synplify_pro






log file: "/home/jacko/pifle/Alabama/Alabama_Alabama.srr"


Generating HDL info...

hdl_info_gen Completed
Return Code: 0
Run Time:00h:00m:01s


Copied /home/jacko/pifle/Alabama/Alabama_Alabama.srr to /home/jacko/pifle/Alabama/Alabama_Alabama.srf

log file: "/home/jacko/pifle/Alabama/Alabama_Alabama.srr"


Running proj_1|Alabama

Running Compile on proj_1|Alabama

Running Compile Process on proj_1|Alabama

Running Compile Input on proj_1|Alabama

compiler exited with errors

Job: "compiler" terminated with error status: 2.
See log file: "/home/jacko/pifle/Alabama/Alabama_Alabama.srr"
Return Code: 2
Run Time:00h:00m:01s


Job Compile Process completed on proj_1|Alabama

Job Compile completed on proj_1|Alabama

Copied /home/jacko/pifle/Alabama/Alabama_Alabama.srr to /home/jacko/pifle/Alabama/Alabama_Alabama.srf

Job Logic Synthesis completed on proj_1|Alabama

TCL script complete: "Alabama_Alabama_synplify.tcl"

exit status=2


